<?xml version="1.0" encoding="UTF-8"?>
<testng-results ignored="0" total="1" passed="1" failed="0" skipped="0">
  <reporter-output>
  </reporter-output>
  <suite started-at="2025-05-09T09:53:00 IST" name="Default suite" finished-at="2025-05-09T09:53:05 IST" duration-ms="4385">
    <groups>
    </groups>
    <test started-at="2025-05-09T09:53:00 IST" name="Default test" finished-at="2025-05-09T09:53:05 IST" duration-ms="4385">
      <class name="Dhanvith.Practice">
        <test-method signature="test()[pri:0, instance:Dhanvith.Practice@49e53c76]" started-at="2025-05-09T09:53:00 IST" name="test" finished-at="2025-05-09T09:53:05 IST" duration-ms="4317" status="PASS">
          <reporter-output>
          </reporter-output>
        </test-method> <!-- test -->
      </class> <!-- Dhanvith.Practice -->
    </test> <!-- Default test -->
  </suite> <!-- Default suite -->
</testng-results>
