<?xml version="1.0" encoding="UTF-8"?>
<testng-results ignored="0" total="2" passed="2" failed="0" skipped="0">
  <reporter-output>
  </reporter-output>
  <suite started-at="2025-05-09T10:11:02 IST" name="Default suite" finished-at="2025-05-09T10:12:14 IST" duration-ms="71447">
    <groups>
    </groups>
    <test started-at="2025-05-09T10:11:02 IST" name="Default test" finished-at="2025-05-09T10:12:14 IST" duration-ms="71447">
      <class name="Dhanvith.Practice">
        <test-method signature="m1()[pri:0, instance:Dhanvith.Practice@351d00c0]" started-at="2025-05-09T10:11:02 IST" name="m1" finished-at="2025-05-09T10:12:08 IST" duration-ms="65274" status="PASS">
          <reporter-output>
          </reporter-output>
        </test-method> <!-- m1 -->
        <test-method signature="test()[pri:0, instance:Dhanvith.Practice@351d00c0]" started-at="2025-05-09T10:12:08 IST" name="test" finished-at="2025-05-09T10:12:14 IST" duration-ms="6094" status="PASS">
          <reporter-output>
          </reporter-output>
        </test-method> <!-- test -->
      </class> <!-- Dhanvith.Practice -->
    </test> <!-- Default test -->
  </suite> <!-- Default suite -->
</testng-results>
